─ Session info ───────────────────────────────────────────────────────────────
 setting  value                       
 version  R version 3.6.1 (2019-07-05)
 os       macOS Catalina 10.15.1      
 system   x86_64, darwin15.6.0        
 ui       X11                         
 language (EN)                        
 collate  en_NZ.UTF-8                 
 ctype    en_NZ.UTF-8                 
 tz       Pacific/Auckland            
 date     2019-11-03                  

─ Packages ───────────────────────────────────────────────────────────────────
 package     * version  date       lib source        
 assertthat    0.2.1    2019-03-21 [1] CRAN (R 3.6.0)
 backports     1.1.5    2019-10-02 [1] CRAN (R 3.6.0)
 bezier      * 1.1.2    2018-12-14 [1] CRAN (R 3.6.0)
 class         7.3-15   2019-01-01 [1] CRAN (R 3.6.1)
 classInt      0.4-2    2019-10-17 [1] CRAN (R 3.6.0)
 cli           1.1.0    2019-03-19 [1] CRAN (R 3.6.0)
 colorspace    1.4-1    2019-03-18 [1] CRAN (R 3.6.0)
 crayon        1.3.4    2017-09-16 [1] CRAN (R 3.6.0)
 curl          4.2      2019-09-24 [1] CRAN (R 3.6.0)
 DBI           1.0.0    2018-05-02 [1] CRAN (R 3.6.0)
 dplyr       * 0.8.3    2019-07-04 [1] CRAN (R 3.6.0)
 e1071         1.7-2    2019-06-05 [1] CRAN (R 3.6.0)
 evaluate      0.14     2019-05-28 [1] CRAN (R 3.6.0)
 farver        1.1.0    2018-11-20 [1] CRAN (R 3.6.0)
 gganimate   * 1.0.3    2019-04-02 [1] CRAN (R 3.6.0)
 ggforce     * 0.3.1    2019-08-20 [1] CRAN (R 3.6.0)
 ggplot2     * 3.2.1    2019-08-10 [1] CRAN (R 3.6.1)
 gifski        0.8.6    2018-09-28 [1] CRAN (R 3.6.0)
 glue          1.3.1    2019-03-12 [1] CRAN (R 3.6.0)
 gtable        0.3.0    2019-03-25 [1] CRAN (R 3.6.0)
 hms           0.5.2    2019-10-30 [1] CRAN (R 3.6.1)
 jsonlite    * 1.6      2018-12-07 [1] CRAN (R 3.6.0)
 KernSmooth    2.23-16  2019-10-15 [1] CRAN (R 3.6.0)
 knitr         1.25     2019-09-18 [1] CRAN (R 3.6.0)
 labeling      0.3      2014-08-23 [1] CRAN (R 3.6.0)
 lazyeval      0.2.2    2019-03-15 [1] CRAN (R 3.6.0)
 lpSolve       5.6.13.3 2019-08-19 [1] CRAN (R 3.6.0)
 magrittr      1.5      2014-11-22 [1] CRAN (R 3.6.0)
 MASS          7.3-51.4 2019-03-31 [1] CRAN (R 3.6.1)
 munsell       0.5.0    2018-06-12 [1] CRAN (R 3.6.0)
 pillar        1.4.2    2019-06-29 [1] CRAN (R 3.6.0)
 pkgconfig     2.0.3    2019-09-22 [1] CRAN (R 3.6.1)
 plyr          1.8.4    2016-06-08 [1] CRAN (R 3.6.0)
 png           0.1-7    2013-12-03 [1] CRAN (R 3.6.0)
 polyclip      1.10-0   2019-03-14 [1] CRAN (R 3.6.0)
 prettyunits   1.0.2    2015-07-13 [1] CRAN (R 3.6.0)
 progress      1.2.2    2019-05-16 [1] CRAN (R 3.6.0)
 purrr       * 0.3.3    2019-10-18 [1] CRAN (R 3.6.0)
 R6            2.4.0    2019-02-14 [1] CRAN (R 3.6.0)
 Rcpp          1.0.2    2019-07-25 [1] CRAN (R 3.6.0)
 rlang         0.4.1    2019-10-24 [1] CRAN (R 3.6.1)
 scales        1.0.0    2018-08-09 [1] CRAN (R 3.6.0)
 sessioninfo   1.1.1    2018-11-05 [1] CRAN (R 3.6.0)
 sf            0.8-0    2019-09-17 [1] CRAN (R 3.6.0)
 stringi       1.4.3    2019-03-12 [1] CRAN (R 3.6.0)
 stringr       1.4.0    2019-02-10 [1] CRAN (R 3.6.0)
 tibble        2.1.3    2019-06-06 [1] CRAN (R 3.6.0)
 tidyselect    0.2.5    2018-10-11 [1] CRAN (R 3.6.0)
 transformr    0.1.1    2018-12-09 [1] CRAN (R 3.6.0)
 tweenr        1.0.1    2018-12-14 [1] CRAN (R 3.6.0)
 units         0.6-5    2019-10-08 [1] CRAN (R 3.6.0)
 vctrs         0.2.0    2019-07-05 [1] CRAN (R 3.6.0)
 withr         2.1.2    2018-03-15 [1] CRAN (R 3.6.0)
 xfun          0.10     2019-10-01 [1] CRAN (R 3.6.0)
 xml2        * 1.2.2    2019-08-09 [1] CRAN (R 3.6.0)
 zeallot       0.1.0    2018-01-28 [1] CRAN (R 3.6.0)

[1] /Library/Frameworks/R.framework/Versions/3.6/Resources/library
