─ Session info ───────────────────────────────────────────────────────────────
 setting  value
 version  R version 4.2.1 (2022-06-23)
 os       macOS Big Sur ... 10.16
 system   x86_64, darwin17.0
 ui       X11
 language (EN)
 collate  en_NZ.UTF-8
 ctype    en_NZ.UTF-8
 tz       America/Los_Angeles
 date     2022-12-11
 pandoc   2.14.2 @ /usr/local/bin/pandoc

─ Packages ───────────────────────────────────────────────────────────────────
 package     * version date (UTC) lib source
 bldr          0.1.0   2022-09-17 [1] Github (bldavies/bldr@c91f631)
 cli           3.4.1   2022-09-23 [1] CRAN (R 4.2.0)
 evaluate      0.17    2022-10-07 [1] CRAN (R 4.2.0)
 knitr         1.40    2022-08-24 [1] CRAN (R 4.2.0)
 magrittr      2.0.3   2022-03-30 [1] CRAN (R 4.2.0)
 sessioninfo   1.2.2   2021-12-06 [1] CRAN (R 4.2.0)
 stringi       1.7.8   2022-07-11 [1] CRAN (R 4.2.0)
 stringr       1.4.1   2022-08-20 [1] CRAN (R 4.2.0)
 xfun          0.33    2022-09-12 [1] CRAN (R 4.2.0)

 [1] /Library/Frameworks/R.framework/Versions/4.2/Resources/library

──────────────────────────────────────────────────────────────────────────────
