─ Session info ───────────────────────────────────────────────────────────────
 setting  value                       
 version  R version 3.6.2 (2019-12-12)
 os       macOS Catalina 10.15.2      
 system   x86_64, darwin15.6.0        
 ui       X11                         
 language (EN)                        
 collate  en_NZ.UTF-8                 
 ctype    en_NZ.UTF-8                 
 tz       Pacific/Auckland            
 date     2020-02-12                  

─ Packages ───────────────────────────────────────────────────────────────────
 package     * version date       lib source                          
 assertthat    0.2.1   2019-03-21 [1] CRAN (R 3.6.0)                  
 cli           2.0.1   2020-01-08 [1] CRAN (R 3.6.0)                  
 crayon        1.3.4   2017-09-16 [1] CRAN (R 3.6.0)                  
 evaluate      0.14    2019-05-28 [1] CRAN (R 3.6.0)                  
 fansi         0.4.1   2020-01-08 [1] CRAN (R 3.6.0)                  
 glue          1.3.1   2019-03-12 [1] CRAN (R 3.6.0)                  
 igraph      * 1.2.4.2 2019-11-27 [1] CRAN (R 3.6.0)                  
 knitr         1.28    2020-02-06 [1] CRAN (R 3.6.2)                  
 magrittr      1.5     2014-11-22 [1] CRAN (R 3.6.0)                  
 motuwp      * 0.1.4   2020-02-12 [1] Github (bldavies/motuwp@4841514)
 pkgconfig     2.0.3   2019-09-22 [1] CRAN (R 3.6.1)                  
 sessioninfo   1.1.1   2018-11-05 [1] CRAN (R 3.6.0)                  
 stringi       1.4.5   2020-01-11 [1] CRAN (R 3.6.0)                  
 stringr       1.4.0   2019-02-10 [1] CRAN (R 3.6.0)                  
 withr         2.1.2   2018-03-15 [1] CRAN (R 3.6.0)                  
 xfun          0.12    2020-01-13 [1] CRAN (R 3.6.0)                  

[1] /Library/Frameworks/R.framework/Versions/3.6/Resources/library
